<?xml version="1.0" encoding="UTF-8"?>
<!-- Generated by org.testng.reporters.JUnitReportReporter -->
<testsuite hostname="Rizwan" failures="0" tests="3" name="Tests.LoginTest" time="33.489" errors="0" timestamp="2022-01-17T20:08:01 IST" skipped="0">
  <testcase classname="Tests.LoginTest" name="MultipleLogin" time="12.749"/>
  <system-out/>
  <testcase classname="Tests.LoginTest" name="MultipleLogin" time="11.871"/>
  <system-out/>
  <testcase classname="Tests.LoginTest" name="MultipleLogin" time="8.869"/>
  <system-out/>
</testsuite> <!-- Tests.LoginTest -->
